<?xml version="1.0" encoding="UTF-8"?>
<testsuite xmlns:xsi="http://www.w3.org/2001/XMLSchema-instance" xsi:noNamespaceSchemaLocation="https://maven.apache.org/surefire/maven-surefire-plugin/xsd/surefire-test-report.xsd" version="3.0.2" name="com.jpacourse.persistance.dao.PatientOptimisticLockTest" time="6.378" tests="2" errors="0" skipped="0" failures="0">
  <properties>
[...]
</properties>
  <testcase name="testVersionIncrementsOnUpdate" classname="com.jpacourse.persistance.dao.PatientOptimisticLockTest" time="0.998">
    <system-out><![CDATA[00:00:31.550 [main] INFO org.springframework.test.context.support.AnnotationConfigContextLoaderUtils -- Could not detect default configuration classes for test class [com.jpacourse.persistance.dao.PatientOptimisticLockTest]: PatientOptimisticLockTest does not declare any static, non-private, non-final, nested classes annotated with @Configuration.
00:00:31.705 [main] INFO org.springframework.boot.test.context.SpringBootTestContextBootstrapper -- Found @SpringBootConfiguration com.jpacourse.WsbJpaApplication for test class com.jpacourse.persistance.dao.PatientOptimisticLockTest

  .   ____          _            __ _ _
 /\\ / ___'_ __ _ _(_)_ __  __ _ \ \ \ \
( ( )\___ | '_ | '_| | '_ \/ _` | \ \ \ \
 \\/  ___)| |_)| | | | | || (_| |  ) ) ) )
  '  |____| .__|_| |_|_| |_\__, | / / / /
 =========|_|==============|___/=/_/_/_/

 :: Spring Boot ::                (v3.4.1)

2025-06-10T00:00:32.282+02:00  INFO 2352 --- [           main] c.j.p.dao.PatientOptimisticLockTest      : Starting PatientOptimisticLockTest using Java 17.0.11 with PID 2352 (started by macie in E:\wsb_jpa1\wsb_jpa)
2025-06-10T00:00:32.285+02:00  INFO 2352 --- [           main] c.j.p.dao.PatientOptimisticLockTest      : No active profile set, falling back to 1 default profile: "default"
2025-06-10T00:00:33.314+02:00  INFO 2352 --- [           main] .s.d.r.c.RepositoryConfigurationDelegate : Bootstrapping Spring Data JPA repositories in DEFAULT mode.
2025-06-10T00:00:33.347+02:00  INFO 2352 --- [           main] .s.d.r.c.RepositoryConfigurationDelegate : Finished Spring Data repository scanning in 20 ms. Found 0 JPA repository interfaces.
2025-06-10T00:00:33.811+02:00  INFO 2352 --- [           main] o.hibernate.jpa.internal.util.LogHelper  : HHH000204: Processing PersistenceUnitInfo [name: default]
2025-06-10T00:00:33.879+02:00  INFO 2352 --- [           main] org.hibernate.Version                    : HHH000412: Hibernate ORM core version 6.6.4.Final
2025-06-10T00:00:33.918+02:00  INFO 2352 --- [           main] o.h.c.internal.RegionFactoryInitiator    : HHH000026: Second-level cache disabled
2025-06-10T00:00:34.339+02:00  INFO 2352 --- [           main] o.s.o.j.p.SpringPersistenceUnitInfo      : No LoadTimeWeaver setup: ignoring JPA class transformer
2025-06-10T00:00:34.374+02:00  INFO 2352 --- [           main] com.zaxxer.hikari.HikariDataSource       : HikariPool-1 - Starting...
2025-06-10T00:00:34.578+02:00  INFO 2352 --- [           main] com.zaxxer.hikari.pool.HikariPool        : HikariPool-1 - Added connection conn0: url=jdbc:h2:mem:testdb user=SA
2025-06-10T00:00:34.580+02:00  INFO 2352 --- [           main] com.zaxxer.hikari.HikariDataSource       : HikariPool-1 - Start completed.
2025-06-10T00:00:34.609+02:00  WARN 2352 --- [           main] org.hibernate.orm.deprecation            : HHH90000025: H2Dialect does not need to be specified explicitly using 'hibernate.dialect' (remove the property setting and it will be selected by default)
2025-06-10T00:00:34.633+02:00  INFO 2352 --- [           main] org.hibernate.orm.connections.pooling    : HHH10001005: Database info:
	Database JDBC URL [Connecting through datasource 'HikariDataSource (HikariPool-1)']
	Database driver: undefined/unknown
	Database version: 2.2.224
	Autocommit mode: undefined/unknown
	Isolation level: undefined/unknown
	Minimum pool size: undefined/unknown
	Maximum pool size: undefined/unknown
2025-06-10T00:00:35.690+02:00  INFO 2352 --- [           main] o.h.e.t.j.p.i.JtaPlatformInitiator       : HHH000489: No JTA platform available (set 'hibernate.transaction.jta.platform' to enable JTA platform integration)
2025-06-10T00:00:35.745+02:00  INFO 2352 --- [           main] j.LocalContainerEntityManagerFactoryBean : Initialized JPA EntityManagerFactory for persistence unit 'default'
2025-06-10T00:00:36.075+02:00  WARN 2352 --- [           main] JpaBaseConfiguration$JpaWebConfiguration : spring.jpa.open-in-view is enabled by default. Therefore, database queries may be performed during view rendering. Explicitly configure spring.jpa.open-in-view to disable this warning
2025-06-10T00:00:36.556+02:00  INFO 2352 --- [           main] o.s.b.a.h2.H2ConsoleAutoConfiguration    : H2 console available at '/h2'. Database available at 'jdbc:h2:mem:testdb'
2025-06-10T00:00:36.708+02:00  INFO 2352 --- [           main] c.j.p.dao.PatientOptimisticLockTest      : Started PatientOptimisticLockTest in 4.814 seconds (process running for 5.886)
]]></system-out>
  </testcase>
  <testcase name="testOptimisticLockException" classname="com.jpacourse.persistance.dao.PatientOptimisticLockTest" time="0.025"/>
</testsuite>